2021-12-21 20:49:07,960: INFO: main
2021-12-21 20:49:07,962: WARNING: main
2021-12-21 20:49:57,806: DEBUG: main
2021-12-21 20:49:57,806: INFO: main
2021-12-21 20:49:57,806: WARNING: main
2021-12-21 20:49:57,806: ERROR: main
2021-12-21 20:49:57,806: CRITICAL: main
2021-12-21 20:51:10,560: DEBUG: main
2021-12-21 20:51:10,561: INFO: main
2021-12-21 20:51:10,561: WARNING: main
2021-12-21 20:51:10,561: ERROR: main
2021-12-21 20:51:10,561: CRITICAL: main
2021-12-21 20:51:10,561: INFO: outra_funcao
2021-12-21 20:52:29,346: INFO: main
2021-12-21 20:52:29,346: WARNING: main
2021-12-21 20:52:29,346: INFO: main
2021-12-21 20:52:29,346: WARNING: main
2021-12-21 20:52:29,346: CRITICAL: main
2021-12-21 20:52:29,346: DEBUG: outra_funcao
2021-12-21 20:53:17,769: INFO: main: Pessoa:Jess
2021-12-21 20:53:17,769: WARNING: main: Pessoa:Jess
2021-12-21 20:54:51,134: INFO: main: Pessoa:Jess
2021-12-21 20:54:51,134: WARNING: main: Pessoa:Jess
2021-12-21 20:55:11,832: INFO: main: Pessoa:Jess
2021-12-21 20:55:11,833: WARNING: main: Pessoa:Jess
2021-12-21 20:55:11,833: INFO: main: Pessoa:Jess
2021-12-21 20:55:11,833: WARNING: main: Pessoa:Jess
2021-12-21 20:55:11,833: CRITICAL: main: Pessoa:Jess
2021-12-21 20:55:11,833: DEBUG: outra_funcao: Pessoa:Jess
